<?xml version="1.0" encoding="UTF-8"?>
<testsuite xmlns:xsi="http://www.w3.org/2001/XMLSchema-instance" xsi:noNamespaceSchemaLocation="https://maven.apache.org/surefire/maven-surefire-plugin/xsd/surefire-test-report.xsd" name="reqresApp.conduitTest" time="7.439" tests="1" errors="0" skipped="0" failures="0">
  <properties>
    <property name="java.specification.version" value="19"/>
    <property name="sun.jnu.encoding" value="UTF-8"/>
    <property name="java.class.path" value="/Users/kliu3/reqresApp/target/test-classes:/Users/kliu3/reqresApp/target/classes:/Users/kliu3/.m2/repository/com/intuit/karate/karate-junit5/1.3.1/karate-junit5-1.3.1.jar:/Users/kliu3/.m2/repository/com/intuit/karate/karate-core/1.3.1/karate-core-1.3.1.jar:/Users/kliu3/.m2/repository/org/graalvm/js/js-scriptengine/22.0.0.2/js-scriptengine-22.0.0.2.jar:/Users/kliu3/.m2/repository/org/graalvm/sdk/graal-sdk/22.0.0.2/graal-sdk-22.0.0.2.jar:/Users/kliu3/.m2/repository/org/graalvm/js/js/22.0.0.2/js-22.0.0.2.jar:/Users/kliu3/.m2/repository/org/graalvm/regex/regex/22.0.0.2/regex-22.0.0.2.jar:/Users/kliu3/.m2/repository/org/graalvm/truffle/truffle-api/22.0.0.2/truffle-api-22.0.0.2.jar:/Users/kliu3/.m2/repository/org/thymeleaf/thymeleaf/3.0.14.RELEASE/thymeleaf-3.0.14.RELEASE.jar:/Users/kliu3/.m2/repository/ognl/ognl/3.1.26/ognl-3.1.26.jar:/Users/kliu3/.m2/repository/org/javassist/javassist/3.20.0-GA/javassist-3.20.0-GA.jar:/Users/kliu3/.m2/repository/org/attoparser/attoparser/2.0.5.RELEASE/attoparser-2.0.5.RELEASE.jar:/Users/kliu3/.m2/repository/org/unbescape/unbescape/1.1.6.RELEASE/unbescape-1.1.6.RELEASE.jar:/Users/kliu3/.m2/repository/org/slf4j/slf4j-api/1.7.25/slf4j-api-1.7.25.jar:/Users/kliu3/.m2/repository/com/linecorp/armeria/armeria/1.18.0/armeria-1.18.0.jar:/Users/kliu3/.m2/repository/com/fasterxml/jackson/core/jackson-core/2.13.3/jackson-core-2.13.3.jar:/Users/kliu3/.m2/repository/com/fasterxml/jackson/core/jackson-annotations/2.13.3/jackson-annotations-2.13.3.jar:/Users/kliu3/.m2/repository/com/fasterxml/jackson/core/jackson-databind/2.13.3/jackson-databind-2.13.3.jar:/Users/kliu3/.m2/repository/io/micrometer/micrometer-core/1.9.2/micrometer-core-1.9.2.jar:/Users/kliu3/.m2/repository/org/hdrhistogram/HdrHistogram/2.1.12/HdrHistogram-2.1.12.jar:/Users/kliu3/.m2/repository/org/latencyutils/LatencyUtils/2.0.3/LatencyUtils-2.0.3.jar:/Users/kliu3/.m2/repository/io/netty/netty-transport/4.1.79.Final/netty-transport-4.1.79.Final.jar:/Users/kliu3/.m2/repository/io/netty/netty-common/4.1.79.Final/netty-common-4.1.79.Final.jar:/Users/kliu3/.m2/repository/io/netty/netty-buffer/4.1.79.Final/netty-buffer-4.1.79.Final.jar:/Users/kliu3/.m2/repository/io/netty/netty-resolver/4.1.79.Final/netty-resolver-4.1.79.Final.jar:/Users/kliu3/.m2/repository/io/netty/netty-codec-haproxy/4.1.79.Final/netty-codec-haproxy-4.1.79.Final.jar:/Users/kliu3/.m2/repository/io/netty/netty-codec/4.1.79.Final/netty-codec-4.1.79.Final.jar:/Users/kliu3/.m2/repository/io/netty/netty-codec-http2/4.1.79.Final/netty-codec-http2-4.1.79.Final.jar:/Users/kliu3/.m2/repository/io/netty/netty-handler/4.1.79.Final/netty-handler-4.1.79.Final.jar:/Users/kliu3/.m2/repository/io/netty/netty-codec-http/4.1.79.Final/netty-codec-http-4.1.79.Final.jar:/Users/kliu3/.m2/repository/io/netty/netty-resolver-dns/4.1.79.Final/netty-resolver-dns-4.1.79.Final.jar:/Users/kliu3/.m2/repository/io/netty/netty-codec-dns/4.1.79.Final/netty-codec-dns-4.1.79.Final.jar:/Users/kliu3/.m2/repository/org/reactivestreams/reactive-streams/1.0.4/reactive-streams-1.0.4.jar:/Users/kliu3/.m2/repository/com/google/code/findbugs/jsr305/3.0.2/jsr305-3.0.2.jar:/Users/kliu3/.m2/repository/io/netty/netty-transport-native-unix-common/4.1.79.Final/netty-transport-native-unix-common-4.1.79.Final-linux-x86_64.jar:/Users/kliu3/.m2/repository/io/netty/netty-transport-native-epoll/4.1.79.Final/netty-transport-native-epoll-4.1.79.Final-linux-x86_64.jar:/Users/kliu3/.m2/repository/io/netty/netty-transport-native-unix-common/4.1.79.Final/netty-transport-native-unix-common-4.1.79.Final.jar:/Users/kliu3/.m2/repository/io/netty/netty-transport-classes-epoll/4.1.79.Final/netty-transport-classes-epoll-4.1.79.Final.jar:/Users/kliu3/.m2/repository/io/netty/netty-resolver-dns-native-macos/4.1.79.Final/netty-resolver-dns-native-macos-4.1.79.Final-osx-x86_64.jar:/Users/kliu3/.m2/repository/io/netty/netty-resolver-dns-classes-macos/4.1.79.Final/netty-resolver-dns-classes-macos-4.1.79.Final.jar:/Users/kliu3/.m2/repository/io/netty/netty-resolver-dns-native-macos/4.1.79.Final/netty-resolver-dns-native-macos-4.1.79.Final-osx-aarch_64.jar:/Users/kliu3/.m2/repository/io/netty/netty-tcnative-boringssl-static/2.0.53.Final/netty-tcnative-boringssl-static-2.0.53.Final-linux-x86_64.jar:/Users/kliu3/.m2/repository/io/netty/netty-tcnative-classes/2.0.53.Final/netty-tcnative-classes-2.0.53.Final.jar:/Users/kliu3/.m2/repository/io/netty/netty-tcnative-boringssl-static/2.0.53.Final/netty-tcnative-boringssl-static-2.0.53.Final-linux-aarch_64.jar:/Users/kliu3/.m2/repository/io/netty/netty-tcnative-boringssl-static/2.0.53.Final/netty-tcnative-boringssl-static-2.0.53.Final-osx-x86_64.jar:/Users/kliu3/.m2/repository/io/netty/netty-tcnative-boringssl-static/2.0.53.Final/netty-tcnative-boringssl-static-2.0.53.Final-osx-aarch_64.jar:/Users/kliu3/.m2/repository/io/netty/netty-tcnative-boringssl-static/2.0.53.Final/netty-tcnative-boringssl-static-2.0.53.Final-windows-x86_64.jar:/Users/kliu3/.m2/repository/io/netty/netty-handler-proxy/4.1.79.Final/netty-handler-proxy-4.1.79.Final.jar:/Users/kliu3/.m2/repository/io/netty/netty-codec-socks/4.1.79.Final/netty-codec-socks-4.1.79.Final.jar:/Users/kliu3/.m2/repository/com/aayushatharva/brotli4j/brotli4j/1.7.1/brotli4j-1.7.1.jar:/Users/kliu3/.m2/repository/org/apache/httpcomponents/httpclient/4.5.13/httpclient-4.5.13.jar:/Users/kliu3/.m2/repository/org/apache/httpcomponents/httpcore/4.4.13/httpcore-4.4.13.jar:/Users/kliu3/.m2/repository/commons-codec/commons-codec/1.11/commons-codec-1.11.jar:/Users/kliu3/.m2/repository/ch/qos/logback/logback-classic/1.2.9/logback-classic-1.2.9.jar:/Users/kliu3/.m2/repository/ch/qos/logback/logback-core/1.2.9/logback-core-1.2.9.jar:/Users/kliu3/.m2/repository/org/slf4j/jcl-over-slf4j/1.7.32/jcl-over-slf4j-1.7.32.jar:/Users/kliu3/.m2/repository/org/antlr/antlr4-runtime/4.9.3/antlr4-runtime-4.9.3.jar:/Users/kliu3/.m2/repository/com/jayway/jsonpath/json-path/2.7.0/json-path-2.7.0.jar:/Users/kliu3/.m2/repository/net/minidev/json-smart/2.4.7/json-smart-2.4.7.jar:/Users/kliu3/.m2/repository/net/minidev/accessors-smart/2.4.7/accessors-smart-2.4.7.jar:/Users/kliu3/.m2/repository/org/ow2/asm/asm/9.1/asm-9.1.jar:/Users/kliu3/.m2/repository/info/cukes/cucumber-java/1.2.5/cucumber-java-1.2.5.jar:/Users/kliu3/.m2/repository/info/cukes/cucumber-core/1.2.5/cucumber-core-1.2.5.jar:/Users/kliu3/.m2/repository/org/yaml/snakeyaml/1.32/snakeyaml-1.32.jar:/Users/kliu3/.m2/repository/de/siegmar/fastcsv/2.0.0/fastcsv-2.0.0.jar:/Users/kliu3/.m2/repository/info/picocli/picocli/4.6.1/picocli-4.6.1.jar:/Users/kliu3/.m2/repository/io/github/classgraph/classgraph/4.8.149/classgraph-4.8.149.jar:/Users/kliu3/.m2/repository/io/github/t12y/resemble/1.0.2/resemble-1.0.2.jar:/Users/kliu3/.m2/repository/io/github/t12y/ssim/1.0.0/ssim-1.0.0.jar:/Users/kliu3/.m2/repository/org/junit/jupiter/junit-jupiter-api/5.7.2/junit-jupiter-api-5.7.2.jar:/Users/kliu3/.m2/repository/org/apiguardian/apiguardian-api/1.1.0/apiguardian-api-1.1.0.jar:/Users/kliu3/.m2/repository/org/opentest4j/opentest4j/1.2.0/opentest4j-1.2.0.jar:/Users/kliu3/.m2/repository/org/junit/platform/junit-platform-commons/1.7.2/junit-platform-commons-1.7.2.jar:/Users/kliu3/.m2/repository/org/junit/jupiter/junit-jupiter-engine/5.7.2/junit-jupiter-engine-5.7.2.jar:/Users/kliu3/.m2/repository/org/junit/platform/junit-platform-engine/1.7.2/junit-platform-engine-1.7.2.jar:/Users/kliu3/.m2/repository/com/github/javafaker/javafaker/1.0.2/javafaker-1.0.2.jar:/Users/kliu3/.m2/repository/org/apache/commons/commons-lang3/3.5/commons-lang3-3.5.jar:/Users/kliu3/.m2/repository/org/yaml/snakeyaml/1.23/snakeyaml-1.23-android.jar:/Users/kliu3/.m2/repository/com/github/mifmif/generex/1.0.2/generex-1.0.2.jar:/Users/kliu3/.m2/repository/dk/brics/automaton/automaton/1.11-8/automaton-1.11-8.jar:"/>
    <property name="java.vm.vendor" value="Homebrew"/>
    <property name="sun.arch.data.model" value="64"/>
    <property name="java.vendor.url" value="https://github.com/Homebrew/homebrew-core/issues"/>
    <property name="os.name" value="Mac OS X"/>
    <property name="java.vm.specification.version" value="19"/>
    <property name="sun.java.launcher" value="SUN_STANDARD"/>
    <property name="user.country" value="AU"/>
    <property name="sun.boot.library.path" value="/opt/homebrew/Cellar/openjdk/19.0.2/libexec/openjdk.jdk/Contents/Home/lib"/>
    <property name="sun.java.command" value="/Users/kliu3/reqresApp/target/surefire/surefirebooter3644604900964230118.jar /Users/kliu3/reqresApp/target/surefire 2023-03-06T16-31-00_340-jvmRun1 surefire17450725003609773187tmp surefire_06055892680523734224tmp"/>
    <property name="jdk.debug" value="release"/>
    <property name="surefire.test.class.path" value="/Users/kliu3/reqresApp/target/test-classes:/Users/kliu3/reqresApp/target/classes:/Users/kliu3/.m2/repository/com/intuit/karate/karate-junit5/1.3.1/karate-junit5-1.3.1.jar:/Users/kliu3/.m2/repository/com/intuit/karate/karate-core/1.3.1/karate-core-1.3.1.jar:/Users/kliu3/.m2/repository/org/graalvm/js/js-scriptengine/22.0.0.2/js-scriptengine-22.0.0.2.jar:/Users/kliu3/.m2/repository/org/graalvm/sdk/graal-sdk/22.0.0.2/graal-sdk-22.0.0.2.jar:/Users/kliu3/.m2/repository/org/graalvm/js/js/22.0.0.2/js-22.0.0.2.jar:/Users/kliu3/.m2/repository/org/graalvm/regex/regex/22.0.0.2/regex-22.0.0.2.jar:/Users/kliu3/.m2/repository/org/graalvm/truffle/truffle-api/22.0.0.2/truffle-api-22.0.0.2.jar:/Users/kliu3/.m2/repository/org/thymeleaf/thymeleaf/3.0.14.RELEASE/thymeleaf-3.0.14.RELEASE.jar:/Users/kliu3/.m2/repository/ognl/ognl/3.1.26/ognl-3.1.26.jar:/Users/kliu3/.m2/repository/org/javassist/javassist/3.20.0-GA/javassist-3.20.0-GA.jar:/Users/kliu3/.m2/repository/org/attoparser/attoparser/2.0.5.RELEASE/attoparser-2.0.5.RELEASE.jar:/Users/kliu3/.m2/repository/org/unbescape/unbescape/1.1.6.RELEASE/unbescape-1.1.6.RELEASE.jar:/Users/kliu3/.m2/repository/org/slf4j/slf4j-api/1.7.25/slf4j-api-1.7.25.jar:/Users/kliu3/.m2/repository/com/linecorp/armeria/armeria/1.18.0/armeria-1.18.0.jar:/Users/kliu3/.m2/repository/com/fasterxml/jackson/core/jackson-core/2.13.3/jackson-core-2.13.3.jar:/Users/kliu3/.m2/repository/com/fasterxml/jackson/core/jackson-annotations/2.13.3/jackson-annotations-2.13.3.jar:/Users/kliu3/.m2/repository/com/fasterxml/jackson/core/jackson-databind/2.13.3/jackson-databind-2.13.3.jar:/Users/kliu3/.m2/repository/io/micrometer/micrometer-core/1.9.2/micrometer-core-1.9.2.jar:/Users/kliu3/.m2/repository/org/hdrhistogram/HdrHistogram/2.1.12/HdrHistogram-2.1.12.jar:/Users/kliu3/.m2/repository/org/latencyutils/LatencyUtils/2.0.3/LatencyUtils-2.0.3.jar:/Users/kliu3/.m2/repository/io/netty/netty-transport/4.1.79.Final/netty-transport-4.1.79.Final.jar:/Users/kliu3/.m2/repository/io/netty/netty-common/4.1.79.Final/netty-common-4.1.79.Final.jar:/Users/kliu3/.m2/repository/io/netty/netty-buffer/4.1.79.Final/netty-buffer-4.1.79.Final.jar:/Users/kliu3/.m2/repository/io/netty/netty-resolver/4.1.79.Final/netty-resolver-4.1.79.Final.jar:/Users/kliu3/.m2/repository/io/netty/netty-codec-haproxy/4.1.79.Final/netty-codec-haproxy-4.1.79.Final.jar:/Users/kliu3/.m2/repository/io/netty/netty-codec/4.1.79.Final/netty-codec-4.1.79.Final.jar:/Users/kliu3/.m2/repository/io/netty/netty-codec-http2/4.1.79.Final/netty-codec-http2-4.1.79.Final.jar:/Users/kliu3/.m2/repository/io/netty/netty-handler/4.1.79.Final/netty-handler-4.1.79.Final.jar:/Users/kliu3/.m2/repository/io/netty/netty-codec-http/4.1.79.Final/netty-codec-http-4.1.79.Final.jar:/Users/kliu3/.m2/repository/io/netty/netty-resolver-dns/4.1.79.Final/netty-resolver-dns-4.1.79.Final.jar:/Users/kliu3/.m2/repository/io/netty/netty-codec-dns/4.1.79.Final/netty-codec-dns-4.1.79.Final.jar:/Users/kliu3/.m2/repository/org/reactivestreams/reactive-streams/1.0.4/reactive-streams-1.0.4.jar:/Users/kliu3/.m2/repository/com/google/code/findbugs/jsr305/3.0.2/jsr305-3.0.2.jar:/Users/kliu3/.m2/repository/io/netty/netty-transport-native-unix-common/4.1.79.Final/netty-transport-native-unix-common-4.1.79.Final-linux-x86_64.jar:/Users/kliu3/.m2/repository/io/netty/netty-transport-native-epoll/4.1.79.Final/netty-transport-native-epoll-4.1.79.Final-linux-x86_64.jar:/Users/kliu3/.m2/repository/io/netty/netty-transport-native-unix-common/4.1.79.Final/netty-transport-native-unix-common-4.1.79.Final.jar:/Users/kliu3/.m2/repository/io/netty/netty-transport-classes-epoll/4.1.79.Final/netty-transport-classes-epoll-4.1.79.Final.jar:/Users/kliu3/.m2/repository/io/netty/netty-resolver-dns-native-macos/4.1.79.Final/netty-resolver-dns-native-macos-4.1.79.Final-osx-x86_64.jar:/Users/kliu3/.m2/repository/io/netty/netty-resolver-dns-classes-macos/4.1.79.Final/netty-resolver-dns-classes-macos-4.1.79.Final.jar:/Users/kliu3/.m2/repository/io/netty/netty-resolver-dns-native-macos/4.1.79.Final/netty-resolver-dns-native-macos-4.1.79.Final-osx-aarch_64.jar:/Users/kliu3/.m2/repository/io/netty/netty-tcnative-boringssl-static/2.0.53.Final/netty-tcnative-boringssl-static-2.0.53.Final-linux-x86_64.jar:/Users/kliu3/.m2/repository/io/netty/netty-tcnative-classes/2.0.53.Final/netty-tcnative-classes-2.0.53.Final.jar:/Users/kliu3/.m2/repository/io/netty/netty-tcnative-boringssl-static/2.0.53.Final/netty-tcnative-boringssl-static-2.0.53.Final-linux-aarch_64.jar:/Users/kliu3/.m2/repository/io/netty/netty-tcnative-boringssl-static/2.0.53.Final/netty-tcnative-boringssl-static-2.0.53.Final-osx-x86_64.jar:/Users/kliu3/.m2/repository/io/netty/netty-tcnative-boringssl-static/2.0.53.Final/netty-tcnative-boringssl-static-2.0.53.Final-osx-aarch_64.jar:/Users/kliu3/.m2/repository/io/netty/netty-tcnative-boringssl-static/2.0.53.Final/netty-tcnative-boringssl-static-2.0.53.Final-windows-x86_64.jar:/Users/kliu3/.m2/repository/io/netty/netty-handler-proxy/4.1.79.Final/netty-handler-proxy-4.1.79.Final.jar:/Users/kliu3/.m2/repository/io/netty/netty-codec-socks/4.1.79.Final/netty-codec-socks-4.1.79.Final.jar:/Users/kliu3/.m2/repository/com/aayushatharva/brotli4j/brotli4j/1.7.1/brotli4j-1.7.1.jar:/Users/kliu3/.m2/repository/org/apache/httpcomponents/httpclient/4.5.13/httpclient-4.5.13.jar:/Users/kliu3/.m2/repository/org/apache/httpcomponents/httpcore/4.4.13/httpcore-4.4.13.jar:/Users/kliu3/.m2/repository/commons-codec/commons-codec/1.11/commons-codec-1.11.jar:/Users/kliu3/.m2/repository/ch/qos/logback/logback-classic/1.2.9/logback-classic-1.2.9.jar:/Users/kliu3/.m2/repository/ch/qos/logback/logback-core/1.2.9/logback-core-1.2.9.jar:/Users/kliu3/.m2/repository/org/slf4j/jcl-over-slf4j/1.7.32/jcl-over-slf4j-1.7.32.jar:/Users/kliu3/.m2/repository/org/antlr/antlr4-runtime/4.9.3/antlr4-runtime-4.9.3.jar:/Users/kliu3/.m2/repository/com/jayway/jsonpath/json-path/2.7.0/json-path-2.7.0.jar:/Users/kliu3/.m2/repository/net/minidev/json-smart/2.4.7/json-smart-2.4.7.jar:/Users/kliu3/.m2/repository/net/minidev/accessors-smart/2.4.7/accessors-smart-2.4.7.jar:/Users/kliu3/.m2/repository/org/ow2/asm/asm/9.1/asm-9.1.jar:/Users/kliu3/.m2/repository/info/cukes/cucumber-java/1.2.5/cucumber-java-1.2.5.jar:/Users/kliu3/.m2/repository/info/cukes/cucumber-core/1.2.5/cucumber-core-1.2.5.jar:/Users/kliu3/.m2/repository/org/yaml/snakeyaml/1.32/snakeyaml-1.32.jar:/Users/kliu3/.m2/repository/de/siegmar/fastcsv/2.0.0/fastcsv-2.0.0.jar:/Users/kliu3/.m2/repository/info/picocli/picocli/4.6.1/picocli-4.6.1.jar:/Users/kliu3/.m2/repository/io/github/classgraph/classgraph/4.8.149/classgraph-4.8.149.jar:/Users/kliu3/.m2/repository/io/github/t12y/resemble/1.0.2/resemble-1.0.2.jar:/Users/kliu3/.m2/repository/io/github/t12y/ssim/1.0.0/ssim-1.0.0.jar:/Users/kliu3/.m2/repository/org/junit/jupiter/junit-jupiter-api/5.7.2/junit-jupiter-api-5.7.2.jar:/Users/kliu3/.m2/repository/org/apiguardian/apiguardian-api/1.1.0/apiguardian-api-1.1.0.jar:/Users/kliu3/.m2/repository/org/opentest4j/opentest4j/1.2.0/opentest4j-1.2.0.jar:/Users/kliu3/.m2/repository/org/junit/platform/junit-platform-commons/1.7.2/junit-platform-commons-1.7.2.jar:/Users/kliu3/.m2/repository/org/junit/jupiter/junit-jupiter-engine/5.7.2/junit-jupiter-engine-5.7.2.jar:/Users/kliu3/.m2/repository/org/junit/platform/junit-platform-engine/1.7.2/junit-platform-engine-1.7.2.jar:/Users/kliu3/.m2/repository/com/github/javafaker/javafaker/1.0.2/javafaker-1.0.2.jar:/Users/kliu3/.m2/repository/org/apache/commons/commons-lang3/3.5/commons-lang3-3.5.jar:/Users/kliu3/.m2/repository/org/yaml/snakeyaml/1.23/snakeyaml-1.23-android.jar:/Users/kliu3/.m2/repository/com/github/mifmif/generex/1.0.2/generex-1.0.2.jar:/Users/kliu3/.m2/repository/dk/brics/automaton/automaton/1.11-8/automaton-1.11-8.jar:"/>
    <property name="sun.cpu.endian" value="little"/>
    <property name="user.home" value="/Users/kliu3"/>
    <property name="user.language" value="en"/>
    <property name="java.specification.vendor" value="Oracle Corporation"/>
    <property name="java.version.date" value="2023-01-17"/>
    <property name="java.home" value="/opt/homebrew/Cellar/openjdk/19.0.2/libexec/openjdk.jdk/Contents/Home"/>
    <property name="file.separator" value="/"/>
    <property name="basedir" value="/Users/kliu3/reqresApp"/>
    <property name="java.vm.compressedOopsMode" value="Zero based"/>
    <property name="line.separator" value="&#10;"/>
    <property name="java.specification.name" value="Java Platform API Specification"/>
    <property name="java.vm.specification.vendor" value="Oracle Corporation"/>
    <property name="apple.awt.application.name" value="ForkedBooter"/>
    <property name="surefire.real.class.path" value="/Users/kliu3/reqresApp/target/surefire/surefirebooter3644604900964230118.jar"/>
    <property name="sun.management.compiler" value="HotSpot 64-Bit Tiered Compilers"/>
    <property name="java.runtime.version" value="19.0.2"/>
    <property name="user.name" value="kliu3"/>
    <property name="stdout.encoding" value="UTF-8"/>
    <property name="path.separator" value=":"/>
    <property name="os.version" value="13.2.1"/>
    <property name="java.runtime.name" value="OpenJDK Runtime Environment"/>
    <property name="file.encoding" value="UTF-8"/>
    <property name="java.vm.name" value="OpenJDK 64-Bit Server VM"/>
    <property name="java.vendor.version" value="Homebrew"/>
    <property name="localRepository" value="/Users/kliu3/.m2/repository"/>
    <property name="java.vendor.url.bug" value="https://github.com/Homebrew/homebrew-core/issues"/>
    <property name="java.io.tmpdir" value="/var/folders/rk/52rd0zpj06b38kcqyzvcn5bc0000gp/T/"/>
    <property name="java.version" value="19.0.2"/>
    <property name="user.dir" value="/Users/kliu3/reqresApp"/>
    <property name="os.arch" value="aarch64"/>
    <property name="java.vm.specification.name" value="Java Virtual Machine Specification"/>
    <property name="native.encoding" value="UTF-8"/>
    <property name="java.library.path" value="/Users/kliu3/Library/Java/Extensions:/Library/Java/Extensions:/Network/Library/Java/Extensions:/System/Library/Java/Extensions:/usr/lib/java:."/>
    <property name="java.vm.info" value="mixed mode, sharing"/>
    <property name="stderr.encoding" value="UTF-8"/>
    <property name="java.vendor" value="Homebrew"/>
    <property name="java.vm.version" value="19.0.2"/>
    <property name="sun.io.unicode.encoding" value="UnicodeBig"/>
    <property name="java.class.version" value="63.0"/>
  </properties>
  <testcase name="testParallel" classname="reqresApp.conduitTest" time="7.434"/>
</testsuite>